<?xml version="1.0" encoding="UTF-8"?>
<testsuite xmlns:xsi="http://www.w3.org/2001/XMLSchema-instance" xsi:noNamespaceSchemaLocation="https://maven.apache.org/surefire/maven-surefire-plugin/xsd/surefire-test-report-3.0.xsd" version="3.0" name="br.pucminas.tcc.blackjack.BlackjackEvaluatorTest" time="0.134" tests="13" errors="0" skipped="0" failures="0">
  <properties>
[...]
</properties>
  <testcase name="dealerDeveVencerQuandoJogadorEstoura" classname="br.pucminas.tcc.blackjack.BlackjackEvaluatorTest" time="0.042"/>
  <testcase name="deveSomarPontuacaoDaMao" classname="br.pucminas.tcc.blackjack.BlackjackEvaluatorTest" time="0.004"/>
  <testcase name="deveInterpretarCartaDezCorretamente" classname="br.pucminas.tcc.blackjack.BlackjackEvaluatorTest" time="0.004"/>
  <testcase name="jogadorDeveVencerQuandoDealerEstoura" classname="br.pucminas.tcc.blackjack.BlackjackEvaluatorTest" time="0.002"/>
  <testcase name="deveInterpretarCartaNumericaCorretamente" classname="br.pucminas.tcc.blackjack.BlackjackEvaluatorTest" time="0.0"/>
  <testcase name="figurasDevemValerDez" classname="br.pucminas.tcc.blackjack.BlackjackEvaluatorTest" time="0.001"/>
  <testcase name="deveLancarExcecaoParaCartaInvalida" classname="br.pucminas.tcc.blackjack.BlackjackEvaluatorTest" time="0.004"/>
  <testcase name="deveRetornarEmpateQuandoAmbosEstouram" classname="br.pucminas.tcc.blackjack.BlackjackEvaluatorTest" time="0.001"/>
  <testcase name="asDeveValerOnze" classname="br.pucminas.tcc.blackjack.BlackjackEvaluatorTest" time="0.001"/>
  <testcase name="naoDeveConsiderarBustQuandoPontuacaoEh21OuMenor" classname="br.pucminas.tcc.blackjack.BlackjackEvaluatorTest" time="0.001"/>
  <testcase name="jogadorDeveVencerQuandoTemMaiorPontuacaoSemEstourar" classname="br.pucminas.tcc.blackjack.BlackjackEvaluatorTest" time="0.004"/>
  <testcase name="deveRetornarEmpateQuandoPontuacoesForemIguais" classname="br.pucminas.tcc.blackjack.BlackjackEvaluatorTest" time="0.0"/>
  <testcase name="deveDetectarQuandoAMaoEstourou" classname="br.pucminas.tcc.blackjack.BlackjackEvaluatorTest" time="0.002"/>
</testsuite>